<?xml version="1.0" encoding="UTF-8"?>
<beans xmlns="http://www.springframework.org/schema/beans"
	xmlns:xsi="http://www.w3.org/2001/XMLSchema-instance"
	xmlns:tx="http://www.springframework.org/schema/tx"
	xmlns:jpa="http://www.springframework.org/schema/data/jpa"
	xmlns:mvc="http://www.springframework.org/schema/mvc"
	xmlns:context="http://www.springframework.org/schema/context"
	xsi:schemaLocation="http://www.springframework.org/schema/beans http://www.springframework.org/schema/beans/spring-beans-4.1.xsd
		http://www.springframework.org/schema/data/jpa http://www.springframework.org/schema/data/jpa/spring-jpa-1.3.xsd
		http://www.springframework.org/schema/context http://www.springframework.org/schema/context/spring-context-4.1.xsd
		http://www.springframework.org/schema/tx http://www.springframework.org/schema/tx/spring-tx-4.1.xsd">


	<!-- 	
<context:annotation-config/>

<bean id="ModelMapper" class="org.modelmapper.ModelMapper"></bean> -->
<!-- 

<bean id="ProjectRepository" name="ProjectRepository" class="org.mockito.Mockito" factory-method="mock">
	<constructor-arg value="eu.cityopt.repository.ProjectRepository"/>
</bean>
<bean id="ScenarioRepository" name="ScenarioRepository" class="org.mockito.Mockito" factory-method="mock">
	<constructor-arg value="eu.cityopt.repository.ScenarioRepository"/>
</bean>
<bean id="AppUserRepository" name="AppUserRepository" class="org.mockito.Mockito" factory-method="mock">
	<constructor-arg value="eu.cityopt.repository.AppUserRepository"/>
</bean>
<bean id="ComponentRepository" name="ComponentRepository" class="org.mockito.Mockito" factory-method="mock">
	<constructor-arg value="eu.cityopt.repository.ComponentRepository"/>
</bean>
<bean id="InputParameterRepository" name="InputParameterRepository" class="org.mockito.Mockito" factory-method="mock">
	<constructor-arg value="eu.cityopt.repository.InputParameterRepository"/>
</bean>
<bean id="UnitRepository" name="UnitRepository" class="org.mockito.Mockito" factory-method="mock">
	<constructor-arg value="eu.cityopt.repository.UnitRepository"/>
</bean>
<bean id="ExtParamRepository" name="ExtParamRepository" class="org.mockito.Mockito" factory-method="mock">
	<constructor-arg value="eu.cityopt.repository.ExtParamRepository"/>
</bean>
<bean id="MetricRepository" name="MetricRepository" class="org.mockito.Mockito" factory-method="mock">
	<constructor-arg value="eu.cityopt.repository.MetricRepository"/>
</bean>
<bean id="ProjectServiceImpl" name="ProjectServiceImpl" class="org.mockito.Mockito" factory-method="mock">
	<constructor-arg value="eu.cityopt.service.ProjectServiceImpl"/>
</bean>
<bean id="ScenarioServiceImpl" name="ScenarioServiceImpl" class="org.mockito.Mockito" factory-method="mock">
	<constructor-arg value="eu.cityopt.service.ScenarioServiceImpl"/>
</bean>
<bean id="AppUserServiceImpl" name="AppUserServiceImpl" class="org.mockito.Mockito" factory-method="mock">
	<constructor-arg value="eu.cityopt.service.AppUserServiceImpl"/>
</bean>
<bean id="ComponentServiceImpl" name="ComponentServiceImpl" class="org.mockito.Mockito" factory-method="mock">
	<constructor-arg value="eu.cityopt.service.ComponentServiceImpl"/>
</bean>
<bean id="InputParameterServiceImpl" name="InputParameterServiceImpl" class="org.mockito.Mockito" factory-method="mock">
	<constructor-arg value="eu.cityopt.service.InputParameterServiceImpl"/>
</bean>
<bean id="ExtParamServiceImpl" name="ExtParamServiceImpl" class="org.mockito.Mockito" factory-method="mock">
	<constructor-arg value="eu.cityopt.service.ExtParamServiceImpl"/>
</bean>
<bean id="UnitServiceImpl" name="UnitServiceImpl" class="org.mockito.Mockito" factory-method="mock">
	<constructor-arg value="eu.cityopt.service.UnitServiceImpl"/>
</bean>
<bean id="MetricServiceImpl" name="MetricServiceImpl" class="org.mockito.Mockito" factory-method="mock">
	<constructor-arg value="eu.cityopt.service.MetricServiceImpl"/>
</bean>

 <context:component-scan base-package="eu.cityopt.controller"/>

<bean id="viewResolver" class="org.springframework.web.servlet.view.InternalResourceViewResolver">
	<property name="prefix" value="/WEB-INF/jsp/"/>
	<property name="suffix" value=".jsp"/>
	<property name="viewClass" value="org.springframework.web.servlet.view.JstlView"/>
</bean>

-->

<!--<mvc:annotation-driven/>
<mvc:default-servlet-handler/>
 <mvc:annotation-driven></mvc:annotation-driven>-->
<!-- 
<context:component-scan base-package="com.pluralsight.repository, com.pluralsight.service, eu.cityopt.repository, eu.cityopt.service"/>
<jpa:repositories base-package="com.pluralsight.repository,eu.cityopt.repository"/> 


 
<bean class="org.springframework.orm.jpa.support.PersistenceAnnotationBeanPostProcessor"/>

<bean id="entityManagerFactory" class="org.springframework.orm.jpa.LocalContainerEntityManagerFactoryBean">
	<property name="persistenceUnitName" value="punit"/>
	<property name="dataSource" ref="dataSource"></property>
	<property name="jpaVendorAdapter">
		<bean class="org.springframework.orm.jpa.vendor.HibernateJpaVendorAdapter">
			<property name="showSql" value="true"></property>					
		</bean>
	</property>
	<property name="jpaPropertyMap">
		<map>
			<entry key="hibernate.dialect" value="org.hibernate.dialect.PostgreSQLDialect"/>
		-->	<!-- <entry key="hibernate.hbm2ddl.auto" value=""/>-->
			<!-- <entry key="hibernate.format_sql" value="true"/>			
		</map>
	</property>
</bean>

<bean id="transactionManager" class="org.springframework.orm.jpa.JpaTransactionManager">
	<property name="entityManagerFactory" ref="entityManagerFactory"/>
</bean>

<tx:annotation-driven transaction-manager="transactionManager"/>-->

<bean id="dataSource" class="org.springframework.jdbc.datasource.DriverManagerDataSource">
	<property name="driverClassName" value="org.postgresql.Driver"></property>	
	<property name="url" value="jdbc:postgresql://localhost:5432/CityOptEmptyTestDb?autoReconnect=true"></property>
	<property name="username" value="cityopt"></property>
	<property name="password" value="cit.opt#"></property>	
</bean>
	
	
</beans>